{
  "stats": {
    "suites": 3,
    "tests": 3,
    "passes": 3,
    "pending": 0,
    "failures": 0,
    "start": "2022-12-15T16:32:48.783Z",
    "end": "2022-12-15T16:33:21.227Z",
    "duration": 13886,
    "testsRegistered": 3,
    "passPercent": 100,
    "pendingPercent": 0,
    "other": 0,
    "hasOther": false,
    "skipped": 0,
    "hasSkipped": false
  },
  "results": [
    {
      "uuid": "17413f3b-0dbe-4d00-89ae-2864e1daa2aa",
      "title": "",
      "fullFile": "cypress/e2e/spec.cy.js",
      "file": "cypress/e2e/spec.cy.js",
      "beforeHooks": [],
      "afterHooks": [],
      "tests": [],
      "suites": [
        {
          "uuid": "75538203-786f-4bf0-b06b-637faee32e9d",
          "title": "Interview spec",
          "fullFile": "",
          "file": "",
          "beforeHooks": [],
          "afterHooks": [],
          "tests": [
            {
              "title": "passes",
              "fullTitle": "Interview spec passes",
              "timedOut": null,
              "duration": 3888,
              "state": "passed",
              "speed": "fast",
              "pass": true,
              "fail": false,
              "pending": false,
              "context": null,
              "code": "cy.visit(\"https://example.cypress.io/\");\ncy.get(\":nth-child(3) > ul > :nth-child(1) > a\").click();\ncy.get(\"#type > a\").should;",
              "err": {},
              "uuid": "23c54eda-b66e-49fe-8122-5f65723be841",
              "parentUUID": "75538203-786f-4bf0-b06b-637faee32e9d",
              "isHook": false,
              "skipped": false
            }
          ],
          "suites": [],
          "passes": [
            "23c54eda-b66e-49fe-8122-5f65723be841"
          ],
          "failures": [],
          "pending": [],
          "skipped": [],
          "duration": 3888,
          "root": false,
          "rootEmpty": false,
          "_timeout": 2000
        }
      ],
      "passes": [],
      "failures": [],
      "pending": [],
      "skipped": [],
      "duration": 0,
      "root": true,
      "rootEmpty": true,
      "_timeout": 2000
    },
    {
      "uuid": "a9f9e568-6a3c-49c2-9073-a421268958ed",
      "title": "",
      "fullFile": "cypress/e2e/b4bTest/loginTest.cy.js",
      "file": "cypress/e2e/b4bTest/loginTest.cy.js",
      "beforeHooks": [],
      "afterHooks": [],
      "tests": [],
      "suites": [
        {
          "uuid": "c93a850a-8e83-4e33-8372-c059af58b5cf",
          "title": "B4B Login",
          "fullFile": "",
          "file": "",
          "beforeHooks": [],
          "afterHooks": [],
          "tests": [
            {
              "title": "Validate page Title",
              "fullTitle": "B4B Login Validate page Title",
              "timedOut": null,
              "duration": 7818,
              "state": "passed",
              "speed": "medium",
              "pass": true,
              "fail": false,
              "pending": false,
              "context": null,
              "code": "cy.visit(\"https://b4bv2-git-develop-pbbamboo.vercel.app/auth/login\"); //Validate page title\ncy.title().should(\"contain\", \"Bamboo 4 Business\");",
              "err": {},
              "uuid": "d2770918-17a7-4224-a897-4292cddd8c8d",
              "parentUUID": "c93a850a-8e83-4e33-8372-c059af58b5cf",
              "isHook": false,
              "skipped": false
            }
          ],
          "suites": [],
          "passes": [
            "d2770918-17a7-4224-a897-4292cddd8c8d"
          ],
          "failures": [],
          "pending": [],
          "skipped": [],
          "duration": 7818,
          "root": false,
          "rootEmpty": false,
          "_timeout": 2000
        }
      ],
      "passes": [],
      "failures": [],
      "pending": [],
      "skipped": [],
      "duration": 0,
      "root": true,
      "rootEmpty": true,
      "_timeout": 2000
    },
    {
      "uuid": "cb7a1d16-7584-42bc-ab70-39fad3ef1808",
      "title": "",
      "fullFile": "cypress/e2e/apiTest/apiTest.cy.js",
      "file": "cypress/e2e/apiTest/apiTest.cy.js",
      "beforeHooks": [],
      "afterHooks": [],
      "tests": [],
      "suites": [
        {
          "uuid": "80da399b-6f66-4af2-af40-4c7a9cd2e735",
          "title": "Example of api Automation with cypress",
          "fullFile": "",
          "file": "",
          "beforeHooks": [],
          "afterHooks": [],
          "tests": [
            {
              "title": "Get request",
              "fullTitle": "Example of api Automation with cypress Get request",
              "timedOut": null,
              "duration": 2180,
              "state": "passed",
              "speed": "fast",
              "pass": true,
              "fail": false,
              "pending": false,
              "context": null,
              "code": "cy.request({\n  method: \"GET\",\n  url: \"https://reqres.in/api/users?page=2\"\n}).then(function (response) {\n  expect(response.status).to.eq(200);\n});",
              "err": {},
              "uuid": "0bd1ab2c-6a6b-4416-8180-5493bd7ee7f5",
              "parentUUID": "80da399b-6f66-4af2-af40-4c7a9cd2e735",
              "isHook": false,
              "skipped": false
            }
          ],
          "suites": [],
          "passes": [
            "0bd1ab2c-6a6b-4416-8180-5493bd7ee7f5"
          ],
          "failures": [],
          "pending": [],
          "skipped": [],
          "duration": 2180,
          "root": false,
          "rootEmpty": false,
          "_timeout": 2000
        }
      ],
      "passes": [],
      "failures": [],
      "pending": [],
      "skipped": [],
      "duration": 0,
      "root": true,
      "rootEmpty": true,
      "_timeout": 2000
    }
  ],
  "meta": {
    "mocha": {
      "version": "7.0.1"
    },
    "mochawesome": {
      "options": {
        "quiet": false,
        "reportFilename": "report",
        "saveHtml": false,
        "saveJson": true,
        "consoleReporter": "spec",
        "useInlineDiffs": false,
        "code": true
      },
      "version": "7.1.3"
    },
    "marge": {
      "options": {
        "overwrite": false,
        "html": false,
        "json": true,
        "charts": true,
        "reportDir": "cypress/reports",
        "reportFilename": "report"
      },
      "version": "6.2.0"
    }
  }
}