{
  "stats": {
    "suites": 1,
    "tests": 1,
    "passes": 1,
    "pending": 0,
    "failures": 0,
    "start": "2022-12-15T16:33:01.461Z",
    "end": "2022-12-15T16:33:13.855Z",
    "duration": 12394,
    "testsRegistered": 1,
    "passPercent": 100,
    "pendingPercent": 0,
    "other": 0,
    "hasOther": false,
    "skipped": 0,
    "hasSkipped": false
  },
  "results": [
    {
      "uuid": "a9f9e568-6a3c-49c2-9073-a421268958ed",
      "title": "",
      "fullFile": "cypress/e2e/b4bTest/loginTest.cy.js",
      "file": "cypress/e2e/b4bTest/loginTest.cy.js",
      "beforeHooks": [],
      "afterHooks": [],
      "tests": [],
      "suites": [
        {
          "uuid": "c93a850a-8e83-4e33-8372-c059af58b5cf",
          "title": "B4B Login",
          "fullFile": "",
          "file": "",
          "beforeHooks": [],
          "afterHooks": [],
          "tests": [
            {
              "title": "Validate page Title",
              "fullTitle": "B4B Login Validate page Title",
              "timedOut": null,
              "duration": 7818,
              "state": "passed",
              "speed": "medium",
              "pass": true,
              "fail": false,
              "pending": false,
              "context": null,
              "code": "cy.visit(\"https://b4bv2-git-develop-pbbamboo.vercel.app/auth/login\"); //Validate page title\ncy.title().should(\"contain\", \"Bamboo 4 Business\");",
              "err": {},
              "uuid": "d2770918-17a7-4224-a897-4292cddd8c8d",
              "parentUUID": "c93a850a-8e83-4e33-8372-c059af58b5cf",
              "isHook": false,
              "skipped": false
            }
          ],
          "suites": [],
          "passes": [
            "d2770918-17a7-4224-a897-4292cddd8c8d"
          ],
          "failures": [],
          "pending": [],
          "skipped": [],
          "duration": 7818,
          "root": false,
          "rootEmpty": false,
          "_timeout": 2000
        }
      ],
      "passes": [],
      "failures": [],
      "pending": [],
      "skipped": [],
      "duration": 0,
      "root": true,
      "rootEmpty": true,
      "_timeout": 2000
    }
  ],
  "meta": {
    "mocha": {
      "version": "7.0.1"
    },
    "mochawesome": {
      "options": {
        "quiet": false,
        "reportFilename": "report",
        "saveHtml": false,
        "saveJson": true,
        "consoleReporter": "spec",
        "useInlineDiffs": false,
        "code": true
      },
      "version": "7.1.3"
    },
    "marge": {
      "options": {
        "overwrite": false,
        "html": false,
        "json": true,
        "charts": true,
        "reportDir": "cypress/reports",
        "reportFilename": "report"
      },
      "version": "6.2.0"
    }
  }
}