{
  "stats": {
    "suites": 1,
    "tests": 1,
    "passes": 1,
    "pending": 0,
    "failures": 0,
    "start": "2022-12-15T16:33:19.032Z",
    "end": "2022-12-15T16:33:21.227Z",
    "duration": 2195,
    "testsRegistered": 1,
    "passPercent": 100,
    "pendingPercent": 0,
    "other": 0,
    "hasOther": false,
    "skipped": 0,
    "hasSkipped": false
  },
  "results": [
    {
      "uuid": "cb7a1d16-7584-42bc-ab70-39fad3ef1808",
      "title": "",
      "fullFile": "cypress/e2e/apiTest/apiTest.cy.js",
      "file": "cypress/e2e/apiTest/apiTest.cy.js",
      "beforeHooks": [],
      "afterHooks": [],
      "tests": [],
      "suites": [
        {
          "uuid": "80da399b-6f66-4af2-af40-4c7a9cd2e735",
          "title": "Example of api Automation with cypress",
          "fullFile": "",
          "file": "",
          "beforeHooks": [],
          "afterHooks": [],
          "tests": [
            {
              "title": "Get request",
              "fullTitle": "Example of api Automation with cypress Get request",
              "timedOut": null,
              "duration": 2180,
              "state": "passed",
              "speed": "fast",
              "pass": true,
              "fail": false,
              "pending": false,
              "context": null,
              "code": "cy.request({\n  method: \"GET\",\n  url: \"https://reqres.in/api/users?page=2\"\n}).then(function (response) {\n  expect(response.status).to.eq(200);\n});",
              "err": {},
              "uuid": "0bd1ab2c-6a6b-4416-8180-5493bd7ee7f5",
              "parentUUID": "80da399b-6f66-4af2-af40-4c7a9cd2e735",
              "isHook": false,
              "skipped": false
            }
          ],
          "suites": [],
          "passes": [
            "0bd1ab2c-6a6b-4416-8180-5493bd7ee7f5"
          ],
          "failures": [],
          "pending": [],
          "skipped": [],
          "duration": 2180,
          "root": false,
          "rootEmpty": false,
          "_timeout": 2000
        }
      ],
      "passes": [],
      "failures": [],
      "pending": [],
      "skipped": [],
      "duration": 0,
      "root": true,
      "rootEmpty": true,
      "_timeout": 2000
    }
  ],
  "meta": {
    "mocha": {
      "version": "7.0.1"
    },
    "mochawesome": {
      "options": {
        "quiet": false,
        "reportFilename": "report",
        "saveHtml": false,
        "saveJson": true,
        "consoleReporter": "spec",
        "useInlineDiffs": false,
        "code": true
      },
      "version": "7.1.3"
    },
    "marge": {
      "options": {
        "overwrite": false,
        "html": false,
        "json": true,
        "charts": true,
        "reportDir": "cypress/reports",
        "reportFilename": "report"
      },
      "version": "6.2.0"
    }
  }
}